<?xml version="1.0" encoding="UTF-8"?>
<!-- Generated by org.testng.reporters.JUnitReportReporter -->
<testsuite hostname="RAJU" failures="0" tests="1" name="com.scm.qual.retailertest.RetailersTest" time="1.974" errors="0" timestamp="2024-10-23T16:23:00 IST" skipped="0">
  <testcase classname="com.scm.qual.retailertest.RetailersTest" name="verifyRetailerTest" time="1.974"/>
  <system-out/>
</testsuite> <!-- com.scm.qual.retailertest.RetailersTest -->
