<?xml version="1.0" encoding="UTF-8"?>
<!-- Generated by org.testng.reporters.JUnitReportReporter -->
<testsuite hostname="RAJU" failures="0" tests="1" name="com.scm.qual.retailertest.RetailerPostOrderTest" time="2.392" errors="0" timestamp="2024-11-04T17:46:48 IST" skipped="0">
  <testcase classname="com.scm.qual.retailertest.RetailerPostOrderTest" name="ratailerPostOrder" time="2.392"/>
  <system-out/>
</testsuite> <!-- com.scm.qual.retailertest.RetailerPostOrderTest -->
