<?xml version="1.0" encoding="UTF-8"?>
<!-- Generated by org.testng.reporters.JUnitReportReporter -->
<testsuite hostname="RAJU" failures="0" tests="1" name="com.scm.qual.basetest.BaseClass" time="0.010" errors="0" timestamp="2024-10-22T15:35:59 IST" skipped="0">
  <testcase classname="com.scm.qual.basetest.BaseClass" name="launchBrower" time="0.010"/>
  <system-out/>
</testsuite> <!-- com.scm.qual.basetest.BaseClass -->
