<?xml version="1.0" encoding="UTF-8"?>
<!-- Generated by org.testng.reporters.JUnitReportReporter -->
<testsuite hostname="RAJU" failures="0" tests="1" name="com.scm.qual.manufacturerrtest.ManufacturerComfirmOrderTest" time="8.212" errors="0" timestamp="2024-10-25T16:29:10 IST" skipped="0">
  <testcase classname="com.scm.qual.manufacturerrtest.ManufacturerComfirmOrderTest" name="ComfirmOrderTest" time="8.212"/>
  <system-out/>
</testsuite> <!-- com.scm.qual.manufacturerrtest.ManufacturerComfirmOrderTest -->
