<?xml version="1.0" encoding="UTF-8"?>
<!-- Generated by org.testng.reporters.JUnitReportReporter -->
<testsuite hostname="RAJU" failures="0" tests="1" name="com.scm.qual.manufacturerrtest.ManufacturerComfirmOrderTest" time="9.599" errors="0" timestamp="2024-11-04T17:46:48 IST" skipped="0">
  <testcase classname="com.scm.qual.manufacturerrtest.ManufacturerComfirmOrderTest" name="ComfirmOrderTest" time="9.599"/>
  <system-out/>
</testsuite> <!-- com.scm.qual.manufacturerrtest.ManufacturerComfirmOrderTest -->
